<?xml version="1.0" encoding="UTF-8" ?>
<testsuite failures="0" time="0.207" errors="0" skipped="0" tests="1" name="eu.stiekema.jeroen.vocabtrainer.model.ToDoItemTest">
  <properties>
    <property name="java.runtime.name" value="Java(TM) SE Runtime Environment"/>
    <property name="sun.boot.library.path" value="/Library/Java/JavaVirtualMachines/1.6.0_43-b01-447.jdk/Contents/Libraries"/>
    <property name="java.vm.version" value="20.14-b01-447"/>
    <property name="awt.nativeDoubleBuffering" value="true"/>
    <property name="gopherProxySet" value="false"/>
    <property name="java.vm.vendor" value="Apple Inc."/>
    <property name="java.vendor.url" value="http://www.apple.com/"/>
    <property name="path.separator" value=":"/>
    <property name="java.vm.name" value="Java HotSpot(TM) 64-Bit Server VM"/>
    <property name="file.encoding.pkg" value="sun.io"/>
    <property name="user.country" value="US"/>
    <property name="sun.java.launcher" value="SUN_STANDARD"/>
    <property name="sun.os.patch.level" value="unknown"/>
    <property name="java.vm.specification.name" value="Java Virtual Machine Specification"/>
    <property name="user.dir" value="/Users/jeroen/IdeaProjects/vocabtrainer/vocabtrainer-model"/>
    <property name="java.runtime.version" value="1.6.0_43-b01-447"/>
    <property name="java.awt.graphicsenv" value="apple.awt.CGraphicsEnvironment"/>
    <property name="basedir" value="/Users/jeroen/IdeaProjects/vocabtrainer/vocabtrainer-model"/>
    <property name="java.endorsed.dirs" value="/Library/Java/JavaVirtualMachines/1.6.0_43-b01-447.jdk/Contents/Home/lib/endorsed"/>
    <property name="os.arch" value="x86_64"/>
    <property name="surefire.real.class.path" value="/var/folders/07/3yb9338d51x_ml0cjl2_dzm00000gn/T/surefirebooter7124636067338374706.jar"/>
    <property name="java.io.tmpdir" value="/var/folders/07/3yb9338d51x_ml0cjl2_dzm00000gn/T/"/>
    <property name="line.separator" value="
"/>
    <property name="java.vm.specification.vendor" value="Sun Microsystems Inc."/>
    <property name="os.name" value="Mac OS X"/>
    <property name="sun.jnu.encoding" value="MacRoman"/>
    <property name="java.library.path" value=".:/Library/Java/Extensions:/System/Library/Java/Extensions:/usr/lib/java"/>
    <property name="surefire.test.class.path" value="/Users/jeroen/IdeaProjects/vocabtrainer/vocabtrainer-model/target/test-classes:/Users/jeroen/IdeaProjects/vocabtrainer/vocabtrainer-model/target/classes:/Users/jeroen/.m2/repository/org/axonframework/axon-core/2.0/axon-core-2.0.jar:/Users/jeroen/.m2/repository/com/googlecode/disruptor/disruptor/2.10.3/disruptor-2.10.3.jar:/Users/jeroen/.m2/repository/cglib/cglib-nodep/2.2.2/cglib-nodep-2.2.2.jar:/Users/jeroen/.m2/repository/org/slf4j/slf4j-api/1.5.6/slf4j-api-1.5.6.jar:/Users/jeroen/.m2/repository/joda-time/joda-time/2.1/joda-time-2.1.jar:/Users/jeroen/.m2/repository/commons-io/commons-io/2.4/commons-io-2.4.jar:/Users/jeroen/.m2/repository/net/sf/jsr107cache/jsr107cache/1.1/jsr107cache-1.1.jar:/Users/jeroen/.m2/repository/com/thoughtworks/xstream/xstream/1.4.3/xstream-1.4.3.jar:/Users/jeroen/.m2/repository/xmlpull/xmlpull/1.1.3.1/xmlpull-1.1.3.1.jar:/Users/jeroen/.m2/repository/xpp3/xpp3_min/1.1.4c/xpp3_min-1.1.4c.jar:/Users/jeroen/.m2/repository/commons-collections/commons-collections/3.2.1/commons-collections-3.2.1.jar:/Users/jeroen/.m2/repository/org/axonframework/axon-test/2.0/axon-test-2.0.jar:/Users/jeroen/.m2/repository/org/slf4j/slf4j-log4j12/1.5.6/slf4j-log4j12-1.5.6.jar:/Users/jeroen/.m2/repository/log4j/log4j/1.2.14/log4j-1.2.14.jar:/Users/jeroen/.m2/repository/org/springframework/spring-core/3.2.4.RELEASE/spring-core-3.2.4.RELEASE.jar:/Users/jeroen/.m2/repository/commons-logging/commons-logging/1.1.1/commons-logging-1.1.1.jar:/Users/jeroen/.m2/repository/org/springframework/spring-context/3.2.4.RELEASE/spring-context-3.2.4.RELEASE.jar:/Users/jeroen/.m2/repository/org/springframework/spring-aop/3.2.4.RELEASE/spring-aop-3.2.4.RELEASE.jar:/Users/jeroen/.m2/repository/aopalliance/aopalliance/1.0/aopalliance-1.0.jar:/Users/jeroen/.m2/repository/org/springframework/spring-beans/3.2.4.RELEASE/spring-beans-3.2.4.RELEASE.jar:/Users/jeroen/.m2/repository/org/springframework/spring-expression/3.2.4.RELEASE/spring-expression-3.2.4.RELEASE.jar:/Users/jeroen/.m2/repository/org/springframework/spring-web/3.2.4.RELEASE/spring-web-3.2.4.RELEASE.jar:/Users/jeroen/.m2/repository/org/springframework/spring-webmvc/3.2.4.RELEASE/spring-webmvc-3.2.4.RELEASE.jar:/Users/jeroen/.m2/repository/junit/junit/4.11/junit-4.11.jar:/Users/jeroen/.m2/repository/org/hamcrest/hamcrest-core/1.3/hamcrest-core-1.3.jar:/Users/jeroen/.m2/repository/org/mockito/mockito-all/1.9.5/mockito-all-1.9.5.jar:"/>
    <property name="java.specification.name" value="Java Platform API Specification"/>
    <property name="java.class.version" value="50.0"/>
    <property name="sun.management.compiler" value="HotSpot 64-Bit Tiered Compilers"/>
    <property name="os.version" value="10.9"/>
    <property name="http.nonProxyHosts" value="local|*.local|169.254/16|*.169.254/16"/>
    <property name="user.home" value="/Users/jeroen"/>
    <property name="user.timezone" value="Europe/Amsterdam"/>
    <property name="java.awt.printerjob" value="apple.awt.CPrinterJob"/>
    <property name="java.specification.version" value="1.6"/>
    <property name="file.encoding" value="MacRoman"/>
    <property name="user.name" value="jeroen"/>
    <property name="java.class.path" value="/Users/jeroen/IdeaProjects/vocabtrainer/vocabtrainer-model/target/test-classes:/Users/jeroen/IdeaProjects/vocabtrainer/vocabtrainer-model/target/classes:/Users/jeroen/.m2/repository/org/axonframework/axon-core/2.0/axon-core-2.0.jar:/Users/jeroen/.m2/repository/com/googlecode/disruptor/disruptor/2.10.3/disruptor-2.10.3.jar:/Users/jeroen/.m2/repository/cglib/cglib-nodep/2.2.2/cglib-nodep-2.2.2.jar:/Users/jeroen/.m2/repository/org/slf4j/slf4j-api/1.5.6/slf4j-api-1.5.6.jar:/Users/jeroen/.m2/repository/joda-time/joda-time/2.1/joda-time-2.1.jar:/Users/jeroen/.m2/repository/commons-io/commons-io/2.4/commons-io-2.4.jar:/Users/jeroen/.m2/repository/net/sf/jsr107cache/jsr107cache/1.1/jsr107cache-1.1.jar:/Users/jeroen/.m2/repository/com/thoughtworks/xstream/xstream/1.4.3/xstream-1.4.3.jar:/Users/jeroen/.m2/repository/xmlpull/xmlpull/1.1.3.1/xmlpull-1.1.3.1.jar:/Users/jeroen/.m2/repository/xpp3/xpp3_min/1.1.4c/xpp3_min-1.1.4c.jar:/Users/jeroen/.m2/repository/commons-collections/commons-collections/3.2.1/commons-collections-3.2.1.jar:/Users/jeroen/.m2/repository/org/axonframework/axon-test/2.0/axon-test-2.0.jar:/Users/jeroen/.m2/repository/org/slf4j/slf4j-log4j12/1.5.6/slf4j-log4j12-1.5.6.jar:/Users/jeroen/.m2/repository/log4j/log4j/1.2.14/log4j-1.2.14.jar:/Users/jeroen/.m2/repository/org/springframework/spring-core/3.2.4.RELEASE/spring-core-3.2.4.RELEASE.jar:/Users/jeroen/.m2/repository/commons-logging/commons-logging/1.1.1/commons-logging-1.1.1.jar:/Users/jeroen/.m2/repository/org/springframework/spring-context/3.2.4.RELEASE/spring-context-3.2.4.RELEASE.jar:/Users/jeroen/.m2/repository/org/springframework/spring-aop/3.2.4.RELEASE/spring-aop-3.2.4.RELEASE.jar:/Users/jeroen/.m2/repository/aopalliance/aopalliance/1.0/aopalliance-1.0.jar:/Users/jeroen/.m2/repository/org/springframework/spring-beans/3.2.4.RELEASE/spring-beans-3.2.4.RELEASE.jar:/Users/jeroen/.m2/repository/org/springframework/spring-expression/3.2.4.RELEASE/spring-expression-3.2.4.RELEASE.jar:/Users/jeroen/.m2/repository/org/springframework/spring-web/3.2.4.RELEASE/spring-web-3.2.4.RELEASE.jar:/Users/jeroen/.m2/repository/org/springframework/spring-webmvc/3.2.4.RELEASE/spring-webmvc-3.2.4.RELEASE.jar:/Users/jeroen/.m2/repository/junit/junit/4.11/junit-4.11.jar:/Users/jeroen/.m2/repository/org/hamcrest/hamcrest-core/1.3/hamcrest-core-1.3.jar:/Users/jeroen/.m2/repository/org/mockito/mockito-all/1.9.5/mockito-all-1.9.5.jar:"/>
    <property name="java.vm.specification.version" value="1.0"/>
    <property name="sun.arch.data.model" value="64"/>
    <property name="java.home" value="/Library/Java/JavaVirtualMachines/1.6.0_43-b01-447.jdk/Contents/Home"/>
    <property name="sun.java.command" value="/var/folders/07/3yb9338d51x_ml0cjl2_dzm00000gn/T/surefirebooter7124636067338374706.jar /var/folders/07/3yb9338d51x_ml0cjl2_dzm00000gn/T/surefire972052226540286355tmp /var/folders/07/3yb9338d51x_ml0cjl2_dzm00000gn/T/surefire103973427491284976tmp"/>
    <property name="java.specification.vendor" value="Sun Microsystems Inc."/>
    <property name="user.language" value="en"/>
    <property name="awt.toolkit" value="apple.awt.CToolkit"/>
    <property name="java.vm.info" value="mixed mode"/>
    <property name="java.version" value="1.6.0_43"/>
    <property name="java.ext.dirs" value="/Library/Java/Extensions:/System/Library/Java/Extensions:/Library/Java/JavaVirtualMachines/1.6.0_43-b01-447.jdk/Contents/Home/lib/ext"/>
    <property name="sun.boot.class.path" value="/Library/Java/JavaVirtualMachines/1.6.0_43-b01-447.jdk/Contents/Home/lib/endorsed/jaxb-api-2.2.6.jar:/Library/Java/JavaVirtualMachines/1.6.0_43-b01-447.jdk/Contents/Home/lib/endorsed/jaxb-facets-0.4.jar:/Library/Java/JavaVirtualMachines/1.6.0_43-b01-447.jdk/Contents/Home/lib/endorsed/jaxb-impl-2.2.6.jar:/Library/Java/JavaVirtualMachines/1.6.0_43-b01-447.jdk/Contents/Classes/jsfd.jar:/Library/Java/JavaVirtualMachines/1.6.0_43-b01-447.jdk/Contents/Classes/classes.jar:/System/Library/Frameworks/JavaVM.framework/Frameworks/JavaRuntimeSupport.framework/Resources/Java/JavaRuntimeSupport.jar:/Library/Java/JavaVirtualMachines/1.6.0_43-b01-447.jdk/Contents/Classes/ui.jar:/Library/Java/JavaVirtualMachines/1.6.0_43-b01-447.jdk/Contents/Classes/laf.jar:/Library/Java/JavaVirtualMachines/1.6.0_43-b01-447.jdk/Contents/Classes/sunrsasign.jar:/Library/Java/JavaVirtualMachines/1.6.0_43-b01-447.jdk/Contents/Classes/jsse.jar:/Library/Java/JavaVirtualMachines/1.6.0_43-b01-447.jdk/Contents/Classes/jce.jar:/Library/Java/JavaVirtualMachines/1.6.0_43-b01-447.jdk/Contents/Classes/charsets.jar"/>
    <property name="java.vendor" value="Apple Inc."/>
    <property name="localRepository" value="/Users/jeroen/.m2/repository"/>
    <property name="file.separator" value="/"/>
    <property name="java.vendor.url.bug" value="http://bugreport.apple.com/"/>
    <property name="sun.cpu.endian" value="little"/>
    <property name="sun.io.unicode.encoding" value="UnicodeLittle"/>
    <property name="mrj.version" value="1070.1.6.0_43-447"/>
    <property name="socksNonProxyHosts" value="local|*.local|169.254/16|*.169.254/16"/>
    <property name="ftp.nonProxyHosts" value="local|*.local|169.254/16|*.169.254/16"/>
    <property name="sun.cpu.isalist" value=""/>
  </properties>
  <testcase time="0.192" classname="eu.stiekema.jeroen.vocabtrainer.model.ToDoItemTest" name="testCreateToDoItem"/>
</testsuite>